<?xml version="1.0" encoding="UTF-8"?>
<!-- Generated by org.testng.reporters.JUnitReportReporter -->
<testsuite hostname="TYC1121225" failures="0" tests="1" name="taskTest.CreateCustomerTest" time="20.608" errors="0" timestamp="2022-11-10T10:31:42 IST" skipped="0">
  <testcase classname="taskTest.CreateCustomerTest" name="createCustomerAndVerifyCustomerNameTest" time="20.608"/>
  <system-out/>
</testsuite> <!-- taskTest.CreateCustomerTest -->
