<?xml version="1.0" encoding="UTF-8"?>
<!-- Generated by org.testng.reporters.JUnitReportReporter -->
<testsuite hostname="TYC1121225" failures="0" tests="3" name="moduleNameTestNg.BuyAProductTest" time="0.003" errors="0" timestamp="2022-11-08T10:32:18 IST" skipped="0">
  <testcase classname="moduleNameTestNg.BuyAProductTest" name="searchForProductTest" time="0.001"/>
  <system-out/>
  <testcase classname="moduleNameTestNg.BuyAProductTest" name="logoutTest" time="0.001"/>
  <system-out/>
  <testcase classname="moduleNameTestNg.BuyAProductTest" name="loginTest" time="0.001"/>
  <system-out/>
</testsuite> <!-- moduleNameTestNg.BuyAProductTest -->
