<?xml version="1.0" encoding="UTF-8"?>
<!-- Generated by org.testng.reporters.JUnitReportReporter -->
<testsuite hostname="TYC1121225" failures="0" tests="1" name="moduleNameTestNg.HardAssert" time="0.008" errors="0" timestamp="2022-11-08T10:10:39 IST" skipped="0">
  <testcase classname="moduleNameTestNg.HardAssert" name="demo" time="0.008"/>
  <system-out/>
</testsuite> <!-- moduleNameTestNg.HardAssert -->
