<?xml version="1.0" encoding="UTF-8"?>
<!-- Generated by org.testng.reporters.JUnitReportReporter -->
<testsuite hostname="TYC1121225" failures="0" tests="2" name="moduleNameTestNg.ClassA" time="0.007" errors="0" timestamp="2022-11-08T10:32:18 IST" skipped="0">
  <testcase classname="moduleNameTestNg.ClassA" name="demo1" time="0.006"/>
  <system-out/>
  <testcase classname="moduleNameTestNg.ClassA" name="demo3" time="0.001"/>
  <system-out/>
</testsuite> <!-- moduleNameTestNg.ClassA -->
